<?xml version="1.0" encoding="UTF-8"?>
<testng-results ignored="0" total="0" passed="0" failed="0" skipped="0">
  <reporter-output>
  </reporter-output>
  <suite started-at="2021-02-05T12:59:14Z" name="Appium Demo Suite" finished-at="2021-02-05T12:59:14Z" duration-ms="6">
    <groups>
    </groups>
    <test started-at="2021-02-05T12:59:14Z" name="Android Calendar Test" finished-at="2021-02-05T12:59:14Z" duration-ms="6">
    </test> <!-- Android Calendar Test -->
  </suite> <!-- Appium Demo Suite -->
</testng-results>
